<?xml version="1.0" encoding="UTF-8"?>
<!-- Generated by org.testng.reporters.JUnitReportReporter -->
<testsuite hostname="LAPTOP-UD17I2HH" failures="0" tests="1" name="jdtest1ng.listrepositoriesuser" time="0.702" errors="0" timestamp="2023-05-04T12:27:40 IST" skipped="0">
  <testcase classname="jdtest1ng.listrepositoriesuser" name="listrepouser" time="0.702"/>
  <system-out/>
</testsuite> <!-- jdtest1ng.listrepositoriesuser -->
