<?xml version="1.0" encoding="UTF-8"?>
<!-- Generated by org.testng.reporters.JUnitReportReporter -->
<testsuite hostname="DESKTOP-KU0MUL7" failures="0" tests="4" name="TestGithub.CreateDeleteFile" time="8.465" errors="0" timestamp="2023-05-04T16:39:06 IST" skipped="0">
  <testcase classname="TestGithub.CreateDeleteFile" name="creatingRepo" time="6.485"/>
  <system-out/>
  <testcase classname="TestGithub.CreateDeleteFile" name="CreateFile" time="0.677"/>
  <system-out/>
  <testcase classname="TestGithub.CreateDeleteFile" name="DeleteFile" time="0.654"/>
  <system-out/>
  <testcase classname="TestGithub.CreateDeleteFile" name="deleteRepo" time="0.649"/>
  <system-out/>
</testsuite> <!-- TestGithub.CreateDeleteFile -->
