<?xml version="1.0" encoding="UTF-8"?>
<!-- Generated by org.testng.reporters.JUnitReportReporter -->
<testsuite hostname="DESKTOP-LQS24JT" failures="0" tests="8" name="GitRepoTestNew.GitRepoTestNew" time="7.485" errors="0" timestamp="2023-05-04T22:23:28 IST" skipped="0">
  <testcase classname="GitRepoTestNew.GitRepoTestNew" name="createRepository" time="3.775"/>
  <system-out/>
  <testcase classname="GitRepoTestNew.GitRepoTestNew" name="createAutolinkReference" time="0.451"/>
  <system-out/>
  <testcase classname="GitRepoTestNew.GitRepoTestNew" name="getAllRepoTopics" time="0.476"/>
  <system-out/>
  <testcase classname="GitRepoTestNew.GitRepoTestNew" name="getAutolinkReference" time="0.416"/>
  <system-out/>
  <testcase classname="GitRepoTestNew.GitRepoTestNew" name="deleteFromAutolinkReference" time="0.418"/>
  <system-out/>
  <testcase classname="GitRepoTestNew.GitRepoTestNew" name="getaRepository" time="0.424"/>
  <system-out/>
  <testcase classname="GitRepoTestNew.GitRepoTestNew" name="replaceallRepoTopics" time="0.946"/>
  <system-out/>
  <testcase classname="GitRepoTestNew.GitRepoTestNew" name="deleteRepos" time="0.579"/>
  <system-out/>
</testsuite> <!-- GitRepoTestNew.GitRepoTestNew -->
