<?xml version="1.0" encoding="UTF-8"?>
<!-- Generated by org.testng.reporters.JUnitReportReporter -->
<testsuite hostname="DESKTOP-KU0MUL7" failures="0" tests="2" name="Demo" time="7.029" errors="0" timestamp="2023-05-02T14:57:09 IST" skipped="0">
  <testcase classname="Demo" name="creatingRepo" time="4.964"/>
  <system-out/>
  <testcase classname="Demo" name="deleteRepo" time="2.065"/>
  <system-out/>
</testsuite> <!-- Demo -->
