<?xml version="1.0" encoding="UTF-8"?>
<!-- Generated by org.testng.reporters.JUnitReportReporter -->
<testsuite hostname="LAPTOP-UD17I2HH" failures="0" tests="1" name="TestGithub.listrepotags" time="1.609" errors="0" timestamp="2023-05-04T09:02:53 IST" skipped="0">
  <testcase classname="TestGithub.listrepotags" name="listrepotag" time="1.609"/>
  <system-out/>
</testsuite> <!-- TestGithub.listrepotags -->
