<?xml version="1.0" encoding="UTF-8"?>
<!-- Generated by org.testng.reporters.JUnitReportReporter -->
<testsuite hostname="LAPTOP-UD17I2HH" failures="0" tests="1" name="com.restapibase.listrepositoriesuser" time="2.237" errors="0" timestamp="2023-05-03T14:52:40 IST" skipped="0">
  <testcase classname="com.restapibase.listrepositoriesuser" name="listrepouser" time="2.237"/>
  <system-out/>
</testsuite> <!-- com.restapibase.listrepositoriesuser -->
