<?xml version="1.0" encoding="UTF-8"?>
<!-- Generated by org.testng.reporters.JUnitReportReporter -->
<testsuite hostname="DESKTOP-KU0MUL7" failures="0" tests="2" name="TestCases.GithubRepo" time="6.041" errors="0" timestamp="2023-05-02T17:30:51 IST" skipped="0">
  <testcase classname="TestCases.GithubRepo" name="creatingRepo" time="5.157"/>
  <system-out/>
  <testcase classname="TestCases.GithubRepo" name="deleteRepo" time="0.884"/>
  <system-out/>
</testsuite> <!-- TestCases.GithubRepo -->
