<?xml version="1.0" encoding="UTF-8"?>
<!-- Generated by org.testng.reporters.JUnitReportReporter -->
<testsuite hostname="LAPTOP-UD17I2HH" failures="0" tests="1" name="test1ng.createorupdatefilecontent" time="2.017" errors="0" timestamp="2023-05-04T09:53:00 IST" skipped="0">
  <testcase classname="test1ng.createorupdatefilecontent" name="createorupdatefile" time="2.017"/>
  <system-out/>
</testsuite> <!-- test1ng.createorupdatefilecontent -->
