<?xml version="1.0" encoding="UTF-8"?>
<!-- Generated by org.testng.reporters.JUnitReportReporter -->
<testsuite hostname="LAPTOP-UD17I2HH" failures="0" tests="1" name="TestGithub.deletefile" time="2.115" errors="0" timestamp="2023-05-04T08:53:28 IST" skipped="0">
  <testcase classname="TestGithub.deletefile" name="deletfile" time="2.115"/>
  <system-out/>
</testsuite> <!-- TestGithub.deletefile -->
