<?xml version="1.0" encoding="UTF-8"?>
<!-- Generated by org.testng.reporters.JUnitReportReporter -->
<testsuite hostname="LAPTOP-UD17I2HH" failures="0" tests="1" name="TestGithub.listpublicrepositories" time="1.936" errors="0" timestamp="2023-05-04T08:52:33 IST" skipped="0">
  <testcase classname="TestGithub.listpublicrepositories" name="listrepouser" time="1.936"/>
  <system-out/>
</testsuite> <!-- TestGithub.listpublicrepositories -->
