<?xml version="1.0" encoding="UTF-8"?>
<!-- Generated by org.testng.reporters.JUnitReportReporter -->
<testsuite hostname="LAPTOP-UD17I2HH" failures="0" tests="1" name="TestGithub.jdauthenticategithub" time="2.989" errors="0" timestamp="2023-05-04T08:51:14 IST" skipped="0">
  <testcase classname="TestGithub.jdauthenticategithub" name="createRepository" time="2.989"/>
  <system-out/>
</testsuite> <!-- TestGithub.jdauthenticategithub -->
