<?xml version="1.0" encoding="UTF-8"?>
<!-- Generated by org.testng.reporters.JUnitReportReporter -->
<testsuite hostname="LAPTOP-UD17I2HH" failures="0" tests="1" name="test1ng.jdauthenticategithub" time="3.012" errors="0" timestamp="2023-05-04T09:52:50 IST" skipped="0">
  <testcase classname="test1ng.jdauthenticategithub" name="createRepository" time="3.012"/>
  <system-out/>
</testsuite> <!-- test1ng.jdauthenticategithub -->
