<?xml version="1.0" encoding="UTF-8"?>
<!-- Generated by org.testng.reporters.JUnitReportReporter -->
<testsuite hostname="DESKTOP-KU0MUL7" failures="0" tests="7" name="TestGithub.GithubRepo" time="9.139" errors="0" timestamp="2023-05-04T00:39:48 IST" skipped="0">
  <testcase classname="TestGithub.GithubRepo" name="creatingRepo" time="4.766"/>
  <system-out/>
  <testcase classname="TestGithub.GithubRepo" name="GetTheRepo" time="0.619"/>
  <system-out/>
  <testcase classname="TestGithub.GithubRepo" name="UpdateTheRepo" time="1.126"/>
  <system-out/>
  <testcase classname="TestGithub.GithubRepo" name="CreateFile" time="0.812"/>
  <system-out/>
  <testcase classname="TestGithub.GithubRepo" name="CreateRepoFork" time="0.598"/>
  <system-out/>
  <testcase classname="TestGithub.GithubRepo" name="ListFork" time="0.522"/>
  <system-out/>
  <testcase classname="TestGithub.GithubRepo" name="deleteRepo" time="0.696"/>
  <system-out/>
</testsuite> <!-- TestGithub.GithubRepo -->
