<?xml version="1.0" encoding="UTF-8"?>
<!-- Generated by org.testng.reporters.JUnitReportReporter -->
<testsuite hostname="LAPTOP-UD17I2HH" failures="0" tests="1" name="TestGithub.listrepositoriesuser" time="2.694" errors="0" timestamp="2023-05-04T08:51:38 IST" skipped="0">
  <testcase classname="TestGithub.listrepositoriesuser" name="listrepouser" time="2.694"/>
  <system-out/>
</testsuite> <!-- TestGithub.listrepositoriesuser -->
