<?xml version="1.0" encoding="UTF-8"?>
<!-- Generated by org.testng.reporters.JUnitReportReporter -->
<testsuite hostname="LAPTOP-UD17I2HH" failures="0" tests="1" name="jdtest1ng.createorupdatefilecontent" time="0.770" errors="0" timestamp="2023-05-04T12:27:40 IST" skipped="0">
  <testcase classname="jdtest1ng.createorupdatefilecontent" name="createorupdatefile" time="0.770"/>
  <system-out/>
</testsuite> <!-- jdtest1ng.createorupdatefilecontent -->
