<?xml version="1.0" encoding="UTF-8"?>
<!-- Generated by org.testng.reporters.JUnitReportReporter -->
<testsuite hostname="LAPTOP-UD17I2HH" failures="0" tests="1" name="jdtest1ng.deletefile" time="0.539" errors="0" timestamp="2023-05-04T11:14:56 IST" skipped="0">
  <testcase classname="jdtest1ng.deletefile" name="deletfile" time="0.539"/>
  <system-out/>
</testsuite> <!-- jdtest1ng.deletefile -->
