<?xml version="1.0" encoding="UTF-8"?>
<!-- Generated by org.testng.reporters.JUnitReportReporter -->
<testsuite hostname="LAPTOP-UD17I2HH" failures="0" tests="1" name="jdtest1ng.listrepositorieslanguage" time="0.358" errors="0" timestamp="2023-05-04T11:14:56 IST" skipped="0">
  <testcase classname="jdtest1ng.listrepositorieslanguage" name="listrepouser" time="0.358"/>
  <system-out/>
</testsuite> <!-- jdtest1ng.listrepositorieslanguage -->
