<?xml version="1.0" encoding="UTF-8"?>
<!-- Generated by org.testng.reporters.JUnitReportReporter -->
<testsuite hostname="LAPTOP-UD17I2HH" failures="0" tests="1" name="jdtest1ng.jdauthenticategithub" time="3.090" errors="0" timestamp="2023-05-04T12:27:40 IST" skipped="0">
  <testcase classname="jdtest1ng.jdauthenticategithub" name="createRepository" time="3.090"/>
  <system-out/>
</testsuite> <!-- jdtest1ng.jdauthenticategithub -->
