<?xml version="1.0" encoding="UTF-8"?>
<!-- Generated by org.testng.reporters.JUnitReportReporter -->
<testsuite hostname="LAPTOP-UD17I2HH" failures="0" tests="1" name="TestGithub.createorupdatefilecontent" time="1.992" errors="0" timestamp="2023-05-04T08:53:04 IST" skipped="0">
  <testcase classname="TestGithub.createorupdatefilecontent" name="createorupdatefile" time="1.992"/>
  <system-out/>
</testsuite> <!-- TestGithub.createorupdatefilecontent -->
