<?xml version="1.0" encoding="UTF-8"?>
<!-- Generated by org.testng.reporters.JUnitReportReporter -->
<testsuite hostname="LAPTOP-UD17I2HH" failures="0" tests="8" name="jdtest1ng.jdauthenticategithub" time="13.855" errors="0" timestamp="2023-05-11T17:35:22 IST" skipped="0">
  <testcase classname="jdtest1ng.jdauthenticategithub" name="createRepository" time="5.673"/>
  <system-out/>
  <testcase classname="jdtest1ng.jdauthenticategithub" name="listpublicrepository" time="1.114"/>
  <system-out/>
  <testcase classname="jdtest1ng.jdauthenticategithub" name="listrepolanguage" time="0.529"/>
  <system-out/>
  <testcase classname="jdtest1ng.jdauthenticategithub" name="listrepousers" time="0.715"/>
  <system-out/>
  <testcase classname="jdtest1ng.jdauthenticategithub" name="listrepotag" time="0.813"/>
  <system-out/>
  <testcase classname="jdtest1ng.jdauthenticategithub" name="createorupdatefile" time="1.970"/>
  <system-out/>
  <testcase classname="jdtest1ng.jdauthenticategithub" name="DeleteFile" time="2.119"/>
  <system-out/>
  <testcase classname="jdtest1ng.jdauthenticategithub" name="deleterepository" time="0.922"/>
  <system-out/>
</testsuite> <!-- jdtest1ng.jdauthenticategithub -->
