<?xml version="1.0" encoding="UTF-8"?>
<!-- Generated by org.testng.reporters.JUnitReportReporter -->
<testsuite hostname="LAPTOP-UD17I2HH" failures="0" tests="1" name="TestGithub.listrepositorieslanguage" time="1.931" errors="0" timestamp="2023-05-04T08:52:12 IST" skipped="0">
  <testcase classname="TestGithub.listrepositorieslanguage" name="listrepouser" time="1.931"/>
  <system-out/>
</testsuite> <!-- TestGithub.listrepositorieslanguage -->
