<?xml version="1.0" encoding="UTF-8"?>
<!-- Generated by org.testng.reporters.JUnitReportReporter -->
<testsuite hostname="DESKTOP-KU0MUL7" failures="0" tests="7" name="TestGithub.GithubRepo" time="9.135" errors="0" timestamp="2023-05-04T09:25:15 IST" skipped="0">
  <testcase classname="TestGithub.GithubRepo" name="creatingRepo" time="4.490"/>
  <system-out/>
  <testcase classname="TestGithub.GithubRepo" name="GetTheRepo" time="0.827"/>
  <system-out/>
  <testcase classname="TestGithub.GithubRepo" name="UpdateTheRepo" time="1.128"/>
  <system-out/>
  <testcase classname="TestGithub.GithubRepo" name="CreateFile" time="0.780"/>
  <system-out/>
  <testcase classname="TestGithub.GithubRepo" name="CreateRepoFork" time="0.633"/>
  <system-out/>
  <testcase classname="TestGithub.GithubRepo" name="ListFork" time="0.558"/>
  <system-out/>
  <testcase classname="TestGithub.GithubRepo" name="deleteRepo" time="0.719"/>
  <system-out/>
</testsuite> <!-- TestGithub.GithubRepo -->
