<?xml version="1.0" encoding="UTF-8"?>
<!-- Generated by org.testng.reporters.JUnitReportReporter -->
<testsuite hostname="DESKTOP-KU0MUL7" failures="0" tests="4" name="TestGithub.CreateDeleteFile" time="4.245" errors="0" timestamp="2023-05-04T00:39:48 IST" skipped="0">
  <testcase classname="TestGithub.CreateDeleteFile" name="creatingRepo" time="1.829"/>
  <system-out/>
  <testcase classname="TestGithub.CreateDeleteFile" name="CreateFile" time="0.949"/>
  <system-out/>
  <testcase classname="TestGithub.CreateDeleteFile" name="DeleteFile" time="0.696"/>
  <system-out/>
  <testcase classname="TestGithub.CreateDeleteFile" name="deleteRepo" time="0.771"/>
  <system-out/>
</testsuite> <!-- TestGithub.CreateDeleteFile -->
